<?xml version="1.0" encoding="UTF-8" ?>
<testsuite failures="0" time="0.049" errors="0" skipped="0" tests="1" name="org.rendersnake.site.LoginFormTest">
  <properties>
    <property name="java.runtime.name" value="Java(TM) SE Runtime Environment"/>
    <property name="sun.boot.library.path" value="/System/Library/Java/JavaVirtualMachines/1.6.0.jdk/Contents/Libraries"/>
    <property name="java.vm.version" value="20.65-b04-462"/>
    <property name="awt.nativeDoubleBuffering" value="true"/>
    <property name="gopherProxySet" value="false"/>
    <property name="mrj.build" value="11M4609"/>
    <property name="java.vm.vendor" value="Apple Inc."/>
    <property name="java.vendor.url" value="http://www.apple.com/"/>
    <property name="path.separator" value=":"/>
    <property name="java.vm.name" value="Java HotSpot(TM) 64-Bit Server VM"/>
    <property name="file.encoding.pkg" value="sun.io"/>
    <property name="user.country" value="US"/>
    <property name="sun.java.launcher" value="SUN_STANDARD"/>
    <property name="sun.os.patch.level" value="unknown"/>
    <property name="java.vm.specification.name" value="Java Virtual Machine Specification"/>
    <property name="user.dir" value="/Users/ernest/Projects/rendersnake-site"/>
    <property name="java.runtime.version" value="1.6.0_65-b14-462-11M4609"/>
    <property name="java.awt.graphicsenv" value="apple.awt.CGraphicsEnvironment"/>
    <property name="basedir" value="/Users/ernest/Projects/rendersnake-site"/>
    <property name="java.endorsed.dirs" value="/System/Library/Java/JavaVirtualMachines/1.6.0.jdk/Contents/Home/lib/endorsed"/>
    <property name="os.arch" value="x86_64"/>
    <property name="surefire.real.class.path" value="/Users/ernest/Projects/rendersnake-site/target/surefire/surefirebooter6822373783585321571.jar"/>
    <property name="java.io.tmpdir" value="/var/folders/dl/gy9q3m29097_h2r3bz_d1lb40000gn/T/"/>
    <property name="line.separator" value="
"/>
    <property name="java.vm.specification.vendor" value="Sun Microsystems Inc."/>
    <property name="os.name" value="Mac OS X"/>
    <property name="sun.jnu.encoding" value="MacRoman"/>
    <property name="java.library.path" value=".:/Library/Java/Extensions:/System/Library/Java/Extensions:/usr/lib/java"/>
    <property name="surefire.test.class.path" value="/Users/ernest/Projects/rendersnake-site/target/test-classes:/Users/ernest/Projects/rendersnake-site/target/classes:/Users/ernest/.m2/repository/org/rendershark/rendershark/0.5/rendershark-0.5.jar:/Users/ernest/.m2/repository/com/sun/jersey/jersey-core/1.12/jersey-core-1.12.jar:/Users/ernest/.m2/repository/com/sun/jersey/jersey-server/1.12/jersey-server-1.12.jar:/Users/ernest/.m2/repository/asm/asm/3.1/asm-3.1.jar:/Users/ernest/.m2/repository/com/sun/jersey/contribs/jersey-guice/1.12/jersey-guice-1.12.jar:/Users/ernest/.m2/repository/com/google/inject/extensions/guice-servlet/3.0/guice-servlet-3.0.jar:/Users/ernest/.m2/repository/com/sun/jersey/jersey-servlet/1.12/jersey-servlet-1.12.jar:/Users/ernest/.m2/repository/org/apache/commons/commons-lang3/3.1/commons-lang3-3.1.jar:/Users/ernest/.m2/repository/io/netty/netty/3.5.2.Final/netty-3.5.2.Final.jar:/Users/ernest/.m2/repository/org/slf4j/slf4j-log4j12/1.6.4/slf4j-log4j12-1.6.4.jar:/Users/ernest/.m2/repository/log4j/log4j/1.2.16/log4j-1.2.16.jar:/Users/ernest/.m2/repository/org/infinispan/infinispan-core/5.1.0.FINAL/infinispan-core-5.1.0.FINAL.jar:/Users/ernest/.m2/repository/org/jgroups/jgroups/3.0.3.Final/jgroups-3.0.3.Final.jar:/Users/ernest/.m2/repository/org/jboss/javaee/jboss-transaction-api/1.0.1.GA/jboss-transaction-api-1.0.1.GA.jar:/Users/ernest/.m2/repository/org/jboss/marshalling/jboss-marshalling-river/1.3.6.GA/jboss-marshalling-river-1.3.6.GA.jar:/Users/ernest/.m2/repository/org/jboss/marshalling/jboss-marshalling/1.3.6.GA/jboss-marshalling-1.3.6.GA.jar:/Users/ernest/.m2/repository/org/jboss/logging/jboss-logging/3.1.0.CR1/jboss-logging-3.1.0.CR1.jar:/Users/ernest/.m2/repository/org/codehaus/woodstox/woodstox-core-asl/4.1.1/woodstox-core-asl-4.1.1.jar:/Users/ernest/.m2/repository/org/codehaus/woodstox/stax2-api/3.1.1/stax2-api-3.1.1.jar:/Users/ernest/.m2/repository/org/jboss/staxmapper/1.0.0.Final/staxmapper-1.0.0.Final.jar:/Users/ernest/.m2/repository/org/rhq/helpers/rhq-pluginAnnotations/3.0.4/rhq-pluginAnnotations-3.0.4.jar:/Users/ernest/.m2/repository/net/sf/jtidy/jtidy/r938/jtidy-r938.jar:/Users/ernest/.m2/repository/junit/junit/4.8.2/junit-4.8.2.jar:/Users/ernest/.m2/repository/com/google/inject/guice/3.0/guice-3.0.jar:/Users/ernest/.m2/repository/aopalliance/aopalliance/1.0/aopalliance-1.0.jar:/Users/ernest/.m2/repository/javax/inject/javax.inject/1/javax.inject-1.jar:/Users/ernest/.m2/repository/org/rendersnake/rendersnake/1.8-SNAPSHOT/rendersnake-1.8-SNAPSHOT.jar:/Users/ernest/.m2/repository/commons-io/commons-io/2.0.1/commons-io-2.0.1.jar:/Users/ernest/.m2/repository/org/slf4j/slf4j-api/1.6.1/slf4j-api-1.6.1.jar:"/>
    <property name="java.specification.name" value="Java Platform API Specification"/>
    <property name="java.class.version" value="50.0"/>
    <property name="sun.management.compiler" value="HotSpot 64-Bit Tiered Compilers"/>
    <property name="os.version" value="10.7.5"/>
    <property name="user.home" value="/Users/ernest"/>
    <property name="user.timezone" value=""/>
    <property name="java.awt.printerjob" value="apple.awt.CPrinterJob"/>
    <property name="java.specification.version" value="1.6"/>
    <property name="file.encoding" value="MacRoman"/>
    <property name="user.name" value="ernest"/>
    <property name="java.class.path" value="/Users/ernest/Projects/rendersnake-site/target/test-classes:/Users/ernest/Projects/rendersnake-site/target/classes:/Users/ernest/.m2/repository/org/rendershark/rendershark/0.5/rendershark-0.5.jar:/Users/ernest/.m2/repository/com/sun/jersey/jersey-core/1.12/jersey-core-1.12.jar:/Users/ernest/.m2/repository/com/sun/jersey/jersey-server/1.12/jersey-server-1.12.jar:/Users/ernest/.m2/repository/asm/asm/3.1/asm-3.1.jar:/Users/ernest/.m2/repository/com/sun/jersey/contribs/jersey-guice/1.12/jersey-guice-1.12.jar:/Users/ernest/.m2/repository/com/google/inject/extensions/guice-servlet/3.0/guice-servlet-3.0.jar:/Users/ernest/.m2/repository/com/sun/jersey/jersey-servlet/1.12/jersey-servlet-1.12.jar:/Users/ernest/.m2/repository/org/apache/commons/commons-lang3/3.1/commons-lang3-3.1.jar:/Users/ernest/.m2/repository/io/netty/netty/3.5.2.Final/netty-3.5.2.Final.jar:/Users/ernest/.m2/repository/org/slf4j/slf4j-log4j12/1.6.4/slf4j-log4j12-1.6.4.jar:/Users/ernest/.m2/repository/log4j/log4j/1.2.16/log4j-1.2.16.jar:/Users/ernest/.m2/repository/org/infinispan/infinispan-core/5.1.0.FINAL/infinispan-core-5.1.0.FINAL.jar:/Users/ernest/.m2/repository/org/jgroups/jgroups/3.0.3.Final/jgroups-3.0.3.Final.jar:/Users/ernest/.m2/repository/org/jboss/javaee/jboss-transaction-api/1.0.1.GA/jboss-transaction-api-1.0.1.GA.jar:/Users/ernest/.m2/repository/org/jboss/marshalling/jboss-marshalling-river/1.3.6.GA/jboss-marshalling-river-1.3.6.GA.jar:/Users/ernest/.m2/repository/org/jboss/marshalling/jboss-marshalling/1.3.6.GA/jboss-marshalling-1.3.6.GA.jar:/Users/ernest/.m2/repository/org/jboss/logging/jboss-logging/3.1.0.CR1/jboss-logging-3.1.0.CR1.jar:/Users/ernest/.m2/repository/org/codehaus/woodstox/woodstox-core-asl/4.1.1/woodstox-core-asl-4.1.1.jar:/Users/ernest/.m2/repository/org/codehaus/woodstox/stax2-api/3.1.1/stax2-api-3.1.1.jar:/Users/ernest/.m2/repository/org/jboss/staxmapper/1.0.0.Final/staxmapper-1.0.0.Final.jar:/Users/ernest/.m2/repository/org/rhq/helpers/rhq-pluginAnnotations/3.0.4/rhq-pluginAnnotations-3.0.4.jar:/Users/ernest/.m2/repository/net/sf/jtidy/jtidy/r938/jtidy-r938.jar:/Users/ernest/.m2/repository/junit/junit/4.8.2/junit-4.8.2.jar:/Users/ernest/.m2/repository/com/google/inject/guice/3.0/guice-3.0.jar:/Users/ernest/.m2/repository/aopalliance/aopalliance/1.0/aopalliance-1.0.jar:/Users/ernest/.m2/repository/javax/inject/javax.inject/1/javax.inject-1.jar:/Users/ernest/.m2/repository/org/rendersnake/rendersnake/1.8-SNAPSHOT/rendersnake-1.8-SNAPSHOT.jar:/Users/ernest/.m2/repository/commons-io/commons-io/2.0.1/commons-io-2.0.1.jar:/Users/ernest/.m2/repository/org/slf4j/slf4j-api/1.6.1/slf4j-api-1.6.1.jar:"/>
    <property name="java.vm.specification.version" value="1.0"/>
    <property name="sun.arch.data.model" value="64"/>
    <property name="java.home" value="/System/Library/Java/JavaVirtualMachines/1.6.0.jdk/Contents/Home"/>
    <property name="sun.java.command" value="/Users/ernest/Projects/rendersnake-site/target/surefire/surefirebooter6822373783585321571.jar /Users/ernest/Projects/rendersnake-site/target/surefire/surefire1018276902182095253tmp /Users/ernest/Projects/rendersnake-site/target/surefire/surefire1286889606309793384tmp"/>
    <property name="java.specification.vendor" value="Sun Microsystems Inc."/>
    <property name="user.language" value="en"/>
    <property name="awt.toolkit" value="apple.awt.CToolkit"/>
    <property name="java.vm.info" value="mixed mode"/>
    <property name="java.version" value="1.6.0_65"/>
    <property name="java.ext.dirs" value="/Library/Java/Extensions:/System/Library/Java/Extensions:/System/Library/Java/JavaVirtualMachines/1.6.0.jdk/Contents/Home/lib/ext"/>
    <property name="sun.boot.class.path" value="/System/Library/Java/JavaVirtualMachines/1.6.0.jdk/Contents/Classes/jsfd.jar:/System/Library/Java/JavaVirtualMachines/1.6.0.jdk/Contents/Classes/classes.jar:/System/Library/Frameworks/JavaVM.framework/Frameworks/JavaRuntimeSupport.framework/Resources/Java/JavaRuntimeSupport.jar:/System/Library/Java/JavaVirtualMachines/1.6.0.jdk/Contents/Classes/ui.jar:/System/Library/Java/JavaVirtualMachines/1.6.0.jdk/Contents/Classes/laf.jar:/System/Library/Java/JavaVirtualMachines/1.6.0.jdk/Contents/Classes/sunrsasign.jar:/System/Library/Java/JavaVirtualMachines/1.6.0.jdk/Contents/Classes/jsse.jar:/System/Library/Java/JavaVirtualMachines/1.6.0.jdk/Contents/Classes/jce.jar:/System/Library/Java/JavaVirtualMachines/1.6.0.jdk/Contents/Classes/charsets.jar"/>
    <property name="java.vendor" value="Apple Inc."/>
    <property name="localRepository" value="/Users/ernest/.m2/repository"/>
    <property name="file.separator" value="/"/>
    <property name="java.vendor.url.bug" value="http://bugreport.apple.com/"/>
    <property name="sun.cpu.endian" value="little"/>
    <property name="sun.io.unicode.encoding" value="UnicodeLittle"/>
    <property name="mrj.version" value="1070.1.6.0_65-462"/>
    <property name="sun.cpu.isalist" value=""/>
  </properties>
  <testcase time="0.041" classname="org.rendersnake.site.LoginFormTest" name="testRender"/>
</testsuite>